2026-03-15 20:42:04,846 [INFO] 스크리닝 시작 (기준일: 2026-03-13)
2026-03-15 20:42:12,349 [INFO] S&P500 티커 수집 완료: 503개
2026-03-15 20:42:48,786 [INFO] 가격 데이터 다운로드 완료
2026-03-15 20:42:49,621 [INFO] 조건 충족 종목 없음
2026-03-15 20:42:51,071 [INFO] 텔레그램 전송 완료. 종목 수: 0
2026-03-15 20:43:10,031 [INFO] 스크리닝 시작 (기준일: 2026-02-21)
2026-03-15 20:43:17,952 [INFO] S&P500 티커 수집 완료: 503개
2026-03-15 20:43:56,129 [INFO] 가격 데이터 다운로드 완료
2026-03-15 20:43:57,556 [INFO] 조건 충족 종목 없음
2026-03-15 20:43:59,002 [INFO] 텔레그램 전송 완료. 종목 수: 0
2026-03-15 20:45:57,467 [INFO] 스크리닝 시작 (기준일: 2026-02-05)
2026-03-15 20:46:05,288 [INFO] S&P500 티커 수집 완료: 503개
2026-03-15 20:46:39,598 [INFO] 가격 데이터 다운로드 완료
2026-03-15 20:46:40,509 [INFO] 조건 충족 종목 수: 1개
2026-03-15 20:46:46,422 [INFO] 텔레그램 전송 완료. 종목 수: 1
2026-03-15 20:50:41,260 [INFO] 스크리닝 시작 (기준일: 2026-02-05)
2026-03-15 20:50:50,018 [INFO] S&P500 티커 수집 완료: 503개
2026-03-15 20:51:25,504 [INFO] 가격 데이터 다운로드 완료
2026-03-15 20:51:26,173 [INFO] 조건 충족 종목 수: 30개
2026-03-15 20:53:39,174 [INFO] 스크리닝 시작 (기준일: 2026-02-05)
2026-03-15 20:53:46,810 [INFO] S&P500 티커 수집 완료: 503개
2026-03-15 20:58:16,634 [INFO] 스크리닝 시작 (기준일: 2026-02-05)
2026-03-15 20:58:24,434 [INFO] S&P500 티커 수집 완료: 503개
2026-03-15 20:58:59,459 [INFO] 가격 데이터 다운로드 완료
2026-03-15 20:59:00,259 [INFO] 조건 충족 종목 수: 4개
2026-03-15 20:59:16,127 [INFO] 텔레그램 전송 완료. 종목 수: 4
